Arguments: 
  /usr/bin/node /usr/bin/yarn install

PATH: 
  /home/forwardmomentum/miniconda3/bin:/usr/local/sbin:/usr/local/bin:/usr/bin:/usr/lib/jvm/default/bin:/usr/bin/site_perl:/usr/bin/vendor_perl:/usr/bin/core_perl:/home/forwardmomentum/Intellij/bin

Yarn version: 
  0.24.6

Node version: 
  7.10.0

Platform: 
  linux x64

npm manifest: 
  {
    "name": "hackathon-5.06.17",
    "version": "0.0.0",
    "private": true,
    "scripts": {
      "start": "node ./app.js & webpack --watch",
      "dev": "webpack & node ./app.js",
      "server": "node ./app.js",
      "build": "NODE_ENV=production webpack"
    },
    "dependencies": {
      "axios": "^0.16.2",
      "babel": "^6.23.0",
      "babel-core": "^6.24.1",
      "babel-loader": "^6.4.1",
      "babel-preset-es2015": "^6.24.1",
      "babel-preset-react": "^6.24.1",
      "babel-preset-stage-2": "^6.24.1",
      "cookie-parser": "~1.4.3",
      "body-parser": "^1.17.2",
      "crypto": "^0.0.3",
      "css-loader": "^0.28.0",
      "debug": "~2.6.3",
      "express": "^4.15.3",
      "extract-text-webpack-plugin": "^2.1.0",
      "jade": "~1.11.0",
      "jsonp": "^0.2.1",
      "lodash": "^4.17.4",
      "moment": "^2.18.1",
      "mongoose": "^4.10.4",
      "morgan": "~1.8.1",
      "node-sass": "^4.5.2",
      "node-uuid": "^1.4.8",
      "prop-types": "^15.5.8",
      "query-string": "^4.3.4",
      "sass-loader": "^6.0.3",
      "serve-favicon": "~2.4.2",
      "source-map": "^0.5.6",
      "style-loader": "^0.16.1",
      "uuid": "^3.0.1",
      "vue": "2.2.4",
      "vue-html-loader": "^1.2.3",
      "vue-loader": "^11.0.0",
      "vue-resource": "^1.3.3",
      "vue-router": "^2.1.1",
      "vue-style-loader": "^1.0.0",
      "vue-template-compiler": "2.2.4",
      "vuex": "^2.1.1",
      "vuex-router-sync": "^4.1.0",
      "web3": "^0.19.0",
      "webpack": "^2.4.1",
      "webpack-dev-middleware": "^1.10.1",
      "webpack-dev-server": "^2.4.2",
      "webpack-hot-middleware": "^2.18.0",
      "webpack-svgstore-plugin": "^4.0.0"
    }
  }

yarn manifest: 
  No manifest

Lockfile: 
  No lockfile

Trace: 
  Error: https://registry.yarnpkg.com/babel-preset-stage-2: ETIMEDOUT
      at Timeout._onTimeout (/usr/lib/node_modules/yarn/lib/yarn-cli.js:108518:19)
      at ontimeout (timers.js:386:14)
      at tryOnTimeout (timers.js:250:5)
      at Timer.listOnTimeout (timers.js:214:5)
